[1.007s] Invoking command in '/home/shiv/My_ROS2_Learnings/ros2_ws/src/my_robot_controller': PYTHONPATH=/home/shiv/My_ROS2_Learnings/ros2_ws/build/my_robot_controller/prefix_override:/home/shiv/My_ROS2_Learnings/ros2_ws/install/my_robot_controller/lib/python3.10/site-packages:${PYTHONPATH} /usr/bin/python3 -W ignore:setup.py install is deprecated setup.py egg_info --egg-base ../../build/my_robot_controller build --build-base /home/shiv/My_ROS2_Learnings/ros2_ws/build/my_robot_controller/build install --record /home/shiv/My_ROS2_Learnings/ros2_ws/build/my_robot_controller/install.log --single-version-externally-managed install_data
[1.427s] running egg_info
[1.428s] writing ../../build/my_robot_controller/my_robot_controller.egg-info/PKG-INFO
[1.428s] writing dependency_links to ../../build/my_robot_controller/my_robot_controller.egg-info/dependency_links.txt
[1.429s] writing entry points to ../../build/my_robot_controller/my_robot_controller.egg-info/entry_points.txt
[1.429s] writing requirements to ../../build/my_robot_controller/my_robot_controller.egg-info/requires.txt
[1.429s] writing top-level names to ../../build/my_robot_controller/my_robot_controller.egg-info/top_level.txt
[1.433s] reading manifest file '../../build/my_robot_controller/my_robot_controller.egg-info/SOURCES.txt'
[1.435s] writing manifest file '../../build/my_robot_controller/my_robot_controller.egg-info/SOURCES.txt'
[1.435s] running build
[1.436s] running build_py
[1.436s] running install
[1.436s] running install_lib
[1.439s] running install_data
[1.439s] running install_egg_info
[1.442s] removing '/home/shiv/My_ROS2_Learnings/ros2_ws/install/my_robot_controller/lib/python3.10/site-packages/my_robot_controller-0.0.0-py3.10.egg-info' (and everything under it)
[1.442s] Copying ../../build/my_robot_controller/my_robot_controller.egg-info to /home/shiv/My_ROS2_Learnings/ros2_ws/install/my_robot_controller/lib/python3.10/site-packages/my_robot_controller-0.0.0-py3.10.egg-info
[1.444s] running install_scripts
[1.475s] Installing Draw_circle script to /home/shiv/My_ROS2_Learnings/ros2_ws/install/my_robot_controller/lib/my_robot_controller
[1.475s] Installing Pose_subscriber script to /home/shiv/My_ROS2_Learnings/ros2_ws/install/my_robot_controller/lib/my_robot_controller
[1.476s] Installing Turtle_controller script to /home/shiv/My_ROS2_Learnings/ros2_ws/install/my_robot_controller/lib/my_robot_controller
[1.476s] Installing test_node script to /home/shiv/My_ROS2_Learnings/ros2_ws/install/my_robot_controller/lib/my_robot_controller
[1.476s] writing list of installed files to '/home/shiv/My_ROS2_Learnings/ros2_ws/build/my_robot_controller/install.log'
[1.509s] Invoked command in '/home/shiv/My_ROS2_Learnings/ros2_ws/src/my_robot_controller' returned '0': PYTHONPATH=/home/shiv/My_ROS2_Learnings/ros2_ws/build/my_robot_controller/prefix_override:/home/shiv/My_ROS2_Learnings/ros2_ws/install/my_robot_controller/lib/python3.10/site-packages:${PYTHONPATH} /usr/bin/python3 -W ignore:setup.py install is deprecated setup.py egg_info --egg-base ../../build/my_robot_controller build --build-base /home/shiv/My_ROS2_Learnings/ros2_ws/build/my_robot_controller/build install --record /home/shiv/My_ROS2_Learnings/ros2_ws/build/my_robot_controller/install.log --single-version-externally-managed install_data
