[0.737s] Invoking command in '/home/shiv/ros2_ws/build/my_robot_controller': PYTHONPATH=/home/shiv/ros2_ws/build/my_robot_controller/prefix_override:/home/shiv/ros2_ws/install/my_robot_controller/lib/python3.10/site-packages:${PYTHONPATH} /usr/bin/python3 -W ignore:setup.py install is deprecated setup.py develop --uninstall --editable --build-directory /home/shiv/ros2_ws/build/my_robot_controller/build
[1.044s] running develop
[1.267s] Removing /home/shiv/ros2_ws/install/my_robot_controller/lib/python3.10/site-packages/my-robot-controller.egg-link (link to .)
[1.303s] Invoked command in '/home/shiv/ros2_ws/build/my_robot_controller' returned '0': PYTHONPATH=/home/shiv/ros2_ws/build/my_robot_controller/prefix_override:/home/shiv/ros2_ws/install/my_robot_controller/lib/python3.10/site-packages:${PYTHONPATH} /usr/bin/python3 -W ignore:setup.py install is deprecated setup.py develop --uninstall --editable --build-directory /home/shiv/ros2_ws/build/my_robot_controller/build
[1.305s] Invoking command in '/home/shiv/ros2_ws/src/my_robot_controller': PYTHONPATH=/home/shiv/ros2_ws/build/my_robot_controller/prefix_override:/home/shiv/ros2_ws/install/my_robot_controller/lib/python3.10/site-packages:${PYTHONPATH} /usr/bin/python3 -W ignore:setup.py install is deprecated setup.py egg_info --egg-base ../../build/my_robot_controller build --build-base /home/shiv/ros2_ws/build/my_robot_controller/build install --record /home/shiv/ros2_ws/build/my_robot_controller/install.log --single-version-externally-managed install_data --force
[1.602s] running egg_info
[1.602s] writing ../../build/my_robot_controller/my_robot_controller.egg-info/PKG-INFO
[1.603s] writing dependency_links to ../../build/my_robot_controller/my_robot_controller.egg-info/dependency_links.txt
[1.603s] writing entry points to ../../build/my_robot_controller/my_robot_controller.egg-info/entry_points.txt
[1.603s] writing requirements to ../../build/my_robot_controller/my_robot_controller.egg-info/requires.txt
[1.603s] writing top-level names to ../../build/my_robot_controller/my_robot_controller.egg-info/top_level.txt
[1.606s] reading manifest file '../../build/my_robot_controller/my_robot_controller.egg-info/SOURCES.txt'
[1.607s] writing manifest file '../../build/my_robot_controller/my_robot_controller.egg-info/SOURCES.txt'
[1.607s] running build
[1.607s] running build_py
[1.607s] copying my_robot_controller/draw_circle.py -> /home/shiv/ros2_ws/build/my_robot_controller/build/lib/my_robot_controller
[1.608s] copying my_robot_controller/my_first_node.py -> /home/shiv/ros2_ws/build/my_robot_controller/build/lib/my_robot_controller
[1.608s] running install
[1.608s] running install_lib
[1.610s] creating /home/shiv/ros2_ws/install/my_robot_controller/lib/python3.10/site-packages/my_robot_controller
[1.610s] copying /home/shiv/ros2_ws/build/my_robot_controller/build/lib/my_robot_controller/draw_circle.py -> /home/shiv/ros2_ws/install/my_robot_controller/lib/python3.10/site-packages/my_robot_controller
[1.611s] copying /home/shiv/ros2_ws/build/my_robot_controller/build/lib/my_robot_controller/__init__.py -> /home/shiv/ros2_ws/install/my_robot_controller/lib/python3.10/site-packages/my_robot_controller
[1.611s] copying /home/shiv/ros2_ws/build/my_robot_controller/build/lib/my_robot_controller/my_first_node.py -> /home/shiv/ros2_ws/install/my_robot_controller/lib/python3.10/site-packages/my_robot_controller
[1.612s] byte-compiling /home/shiv/ros2_ws/install/my_robot_controller/lib/python3.10/site-packages/my_robot_controller/draw_circle.py to draw_circle.cpython-310.pyc
[1.612s] byte-compiling /home/shiv/ros2_ws/install/my_robot_controller/lib/python3.10/site-packages/my_robot_controller/__init__.py to __init__.cpython-310.pyc
[1.612s] byte-compiling /home/shiv/ros2_ws/install/my_robot_controller/lib/python3.10/site-packages/my_robot_controller/my_first_node.py to my_first_node.cpython-310.pyc
[1.613s] running install_data
[1.613s] copying resource/my_robot_controller -> /home/shiv/ros2_ws/install/my_robot_controller/share/ament_index/resource_index/packages
[1.613s] copying package.xml -> /home/shiv/ros2_ws/install/my_robot_controller/share/my_robot_controller
[1.613s] running install_egg_info
[1.615s] Copying ../../build/my_robot_controller/my_robot_controller.egg-info to /home/shiv/ros2_ws/install/my_robot_controller/lib/python3.10/site-packages/my_robot_controller-0.0.0-py3.10.egg-info
[1.616s] running install_scripts
[1.636s] Installing Draw_circle script to /home/shiv/ros2_ws/install/my_robot_controller/lib/my_robot_controller
[1.636s] Installing test_node script to /home/shiv/ros2_ws/install/my_robot_controller/lib/my_robot_controller
[1.637s] writing list of installed files to '/home/shiv/ros2_ws/build/my_robot_controller/install.log'
[1.667s] Invoked command in '/home/shiv/ros2_ws/src/my_robot_controller' returned '0': PYTHONPATH=/home/shiv/ros2_ws/build/my_robot_controller/prefix_override:/home/shiv/ros2_ws/install/my_robot_controller/lib/python3.10/site-packages:${PYTHONPATH} /usr/bin/python3 -W ignore:setup.py install is deprecated setup.py egg_info --egg-base ../../build/my_robot_controller build --build-base /home/shiv/ros2_ws/build/my_robot_controller/build install --record /home/shiv/ros2_ws/build/my_robot_controller/install.log --single-version-externally-managed install_data --force
