[1.164s] Invoking command in '/home/shiv/ros2_ws/src/my_robot_controller': PYTHONPATH=/home/shiv/ros2_ws/build/my_robot_controller/prefix_override:/home/shiv/ros2_ws/install/my_robot_controller/lib/python3.10/site-packages:${PYTHONPATH} /usr/bin/python3 -W ignore:setup.py install is deprecated setup.py egg_info --egg-base ../../build/my_robot_controller build --build-base /home/shiv/ros2_ws/build/my_robot_controller/build install --record /home/shiv/ros2_ws/build/my_robot_controller/install.log --single-version-externally-managed install_data
[1.667s] running egg_info
[1.671s] writing ../../build/my_robot_controller/my_robot_controller.egg-info/PKG-INFO
[1.672s] writing dependency_links to ../../build/my_robot_controller/my_robot_controller.egg-info/dependency_links.txt
[1.673s] writing entry points to ../../build/my_robot_controller/my_robot_controller.egg-info/entry_points.txt
[1.674s] writing requirements to ../../build/my_robot_controller/my_robot_controller.egg-info/requires.txt
[1.675s] writing top-level names to ../../build/my_robot_controller/my_robot_controller.egg-info/top_level.txt
[1.688s] reading manifest file '../../build/my_robot_controller/my_robot_controller.egg-info/SOURCES.txt'
[1.695s] writing manifest file '../../build/my_robot_controller/my_robot_controller.egg-info/SOURCES.txt'
[1.696s] running build
[1.696s] running build_py
[1.697s] running install
[1.699s] running install_lib
[1.706s] running install_data
[1.707s] running install_egg_info
[1.717s] removing '/home/shiv/ros2_ws/install/my_robot_controller/lib/python3.10/site-packages/my_robot_controller-0.0.0-py3.10.egg-info' (and everything under it)
[1.719s] Copying ../../build/my_robot_controller/my_robot_controller.egg-info to /home/shiv/ros2_ws/install/my_robot_controller/lib/python3.10/site-packages/my_robot_controller-0.0.0-py3.10.egg-info
[1.724s] running install_scripts
[1.791s] Installing test_node script to /home/shiv/ros2_ws/install/my_robot_controller/lib/my_robot_controller
[1.792s] writing list of installed files to '/home/shiv/ros2_ws/build/my_robot_controller/install.log'
[1.830s] Invoked command in '/home/shiv/ros2_ws/src/my_robot_controller' returned '0': PYTHONPATH=/home/shiv/ros2_ws/build/my_robot_controller/prefix_override:/home/shiv/ros2_ws/install/my_robot_controller/lib/python3.10/site-packages:${PYTHONPATH} /usr/bin/python3 -W ignore:setup.py install is deprecated setup.py egg_info --egg-base ../../build/my_robot_controller build --build-base /home/shiv/ros2_ws/build/my_robot_controller/build install --record /home/shiv/ros2_ws/build/my_robot_controller/install.log --single-version-externally-managed install_data
