[1.736s] Invoking command in '/home/shiv/ros2_ws/src/my_robot_controller': PYTHONPATH=/home/shiv/ros2_ws/build/my_robot_controller/prefix_override:/home/shiv/ros2_ws/install/my_robot_controller/lib/python3.10/site-packages:${PYTHONPATH} /usr/bin/python3 -W ignore:setup.py install is deprecated setup.py egg_info --egg-base ../../build/my_robot_controller build --build-base /home/shiv/ros2_ws/build/my_robot_controller/build install --record /home/shiv/ros2_ws/build/my_robot_controller/install.log --single-version-externally-managed install_data
[2.312s] running egg_info
[2.315s] creating ../../build/my_robot_controller/my_robot_controller.egg-info
[2.315s] writing ../../build/my_robot_controller/my_robot_controller.egg-info/PKG-INFO
[2.317s] writing dependency_links to ../../build/my_robot_controller/my_robot_controller.egg-info/dependency_links.txt
[2.317s] writing entry points to ../../build/my_robot_controller/my_robot_controller.egg-info/entry_points.txt
[2.318s] writing requirements to ../../build/my_robot_controller/my_robot_controller.egg-info/requires.txt
[2.318s] writing top-level names to ../../build/my_robot_controller/my_robot_controller.egg-info/top_level.txt
[2.318s] writing manifest file '../../build/my_robot_controller/my_robot_controller.egg-info/SOURCES.txt'
[2.323s] reading manifest file '../../build/my_robot_controller/my_robot_controller.egg-info/SOURCES.txt'
[2.324s] writing manifest file '../../build/my_robot_controller/my_robot_controller.egg-info/SOURCES.txt'
[2.325s] running build
[2.325s] running build_py
[2.325s] creating /home/shiv/ros2_ws/build/my_robot_controller/build
[2.326s] creating /home/shiv/ros2_ws/build/my_robot_controller/build/lib
[2.326s] creating /home/shiv/ros2_ws/build/my_robot_controller/build/lib/my_robot_controller
[2.326s] copying my_robot_controller/__init__.py -> /home/shiv/ros2_ws/build/my_robot_controller/build/lib/my_robot_controller
[2.326s] running install
[2.326s] running install_lib
[2.328s] creating /home/shiv/ros2_ws/install/my_robot_controller/lib/python3.10/site-packages/my_robot_controller
[2.328s] copying /home/shiv/ros2_ws/build/my_robot_controller/build/lib/my_robot_controller/__init__.py -> /home/shiv/ros2_ws/install/my_robot_controller/lib/python3.10/site-packages/my_robot_controller
[2.329s] byte-compiling /home/shiv/ros2_ws/install/my_robot_controller/lib/python3.10/site-packages/my_robot_controller/__init__.py to __init__.cpython-310.pyc
[2.330s] running install_data
[2.331s] creating /home/shiv/ros2_ws/install/my_robot_controller/share/ament_index
[2.331s] creating /home/shiv/ros2_ws/install/my_robot_controller/share/ament_index/resource_index
[2.331s] creating /home/shiv/ros2_ws/install/my_robot_controller/share/ament_index/resource_index/packages
[2.331s] copying resource/my_robot_controller -> /home/shiv/ros2_ws/install/my_robot_controller/share/ament_index/resource_index/packages
[2.332s] copying package.xml -> /home/shiv/ros2_ws/install/my_robot_controller/share/my_robot_controller
[2.332s] running install_egg_info
[2.336s] Copying ../../build/my_robot_controller/my_robot_controller.egg-info to /home/shiv/ros2_ws/install/my_robot_controller/lib/python3.10/site-packages/my_robot_controller-0.0.0-py3.10.egg-info
[2.338s] running install_scripts
[2.388s] writing list of installed files to '/home/shiv/ros2_ws/build/my_robot_controller/install.log'
[2.435s] Invoked command in '/home/shiv/ros2_ws/src/my_robot_controller' returned '0': PYTHONPATH=/home/shiv/ros2_ws/build/my_robot_controller/prefix_override:/home/shiv/ros2_ws/install/my_robot_controller/lib/python3.10/site-packages:${PYTHONPATH} /usr/bin/python3 -W ignore:setup.py install is deprecated setup.py egg_info --egg-base ../../build/my_robot_controller build --build-base /home/shiv/ros2_ws/build/my_robot_controller/build install --record /home/shiv/ros2_ws/build/my_robot_controller/install.log --single-version-externally-managed install_data
