[1.122s] Invoking command in '/home/shiv/My_ROS2_Learnings/ros2_ws/build/my_robot_controller': PYTHONPATH=/home/shiv/My_ROS2_Learnings/ros2_ws/build/my_robot_controller/prefix_override:/home/shiv/My_ROS2_Learnings/ros2_ws/install/my_robot_controller/lib/python3.10/site-packages:${PYTHONPATH} /usr/bin/python3 -W ignore:setup.py install is deprecated setup.py develop --uninstall --editable --build-directory /home/shiv/My_ROS2_Learnings/ros2_ws/build/my_robot_controller/build
[1.703s] running develop
[1.986s] Removing /home/shiv/My_ROS2_Learnings/ros2_ws/install/my_robot_controller/lib/python3.10/site-packages/my-robot-controller.egg-link (link to .)
[1.987s] Link points to ['/home/shiv/ros2_ws/build/my_robot_controller', '.']: uninstall aborted
[2.024s] Invoked command in '/home/shiv/My_ROS2_Learnings/ros2_ws/build/my_robot_controller' returned '0': PYTHONPATH=/home/shiv/My_ROS2_Learnings/ros2_ws/build/my_robot_controller/prefix_override:/home/shiv/My_ROS2_Learnings/ros2_ws/install/my_robot_controller/lib/python3.10/site-packages:${PYTHONPATH} /usr/bin/python3 -W ignore:setup.py install is deprecated setup.py develop --uninstall --editable --build-directory /home/shiv/My_ROS2_Learnings/ros2_ws/build/my_robot_controller/build
[2.026s] Invoking command in '/home/shiv/My_ROS2_Learnings/ros2_ws/src/my_robot_controller': PYTHONPATH=/home/shiv/My_ROS2_Learnings/ros2_ws/build/my_robot_controller/prefix_override:/home/shiv/My_ROS2_Learnings/ros2_ws/install/my_robot_controller/lib/python3.10/site-packages:${PYTHONPATH} /usr/bin/python3 -W ignore:setup.py install is deprecated setup.py egg_info --egg-base ../../build/my_robot_controller build --build-base /home/shiv/My_ROS2_Learnings/ros2_ws/build/my_robot_controller/build install --record /home/shiv/My_ROS2_Learnings/ros2_ws/build/my_robot_controller/install.log --single-version-externally-managed install_data --force
[2.482s] running egg_info
[2.482s] writing ../../build/my_robot_controller/my_robot_controller.egg-info/PKG-INFO
[2.483s] writing dependency_links to ../../build/my_robot_controller/my_robot_controller.egg-info/dependency_links.txt
[2.483s] writing entry points to ../../build/my_robot_controller/my_robot_controller.egg-info/entry_points.txt
[2.483s] writing requirements to ../../build/my_robot_controller/my_robot_controller.egg-info/requires.txt
[2.484s] writing top-level names to ../../build/my_robot_controller/my_robot_controller.egg-info/top_level.txt
[2.489s] reading manifest file '../../build/my_robot_controller/my_robot_controller.egg-info/SOURCES.txt'
[2.490s] writing manifest file '../../build/my_robot_controller/my_robot_controller.egg-info/SOURCES.txt'
[2.491s] running build
[2.491s] running build_py
[2.491s] copying my_robot_controller/draw_circle.py -> /home/shiv/My_ROS2_Learnings/ros2_ws/build/my_robot_controller/build/lib/my_robot_controller
[2.492s] copying my_robot_controller/pose_subscriber.py -> /home/shiv/My_ROS2_Learnings/ros2_ws/build/my_robot_controller/build/lib/my_robot_controller
[2.492s] copying my_robot_controller/turtle_controller.py -> /home/shiv/My_ROS2_Learnings/ros2_ws/build/my_robot_controller/build/lib/my_robot_controller
[2.492s] copying my_robot_controller/my_first_node.py -> /home/shiv/My_ROS2_Learnings/ros2_ws/build/my_robot_controller/build/lib/my_robot_controller
[2.493s] running install
[2.494s] running install_lib
[2.495s] creating /home/shiv/My_ROS2_Learnings/ros2_ws/install/my_robot_controller/lib/python3.10/site-packages/my_robot_controller
[2.496s] copying /home/shiv/My_ROS2_Learnings/ros2_ws/build/my_robot_controller/build/lib/my_robot_controller/draw_circle.py -> /home/shiv/My_ROS2_Learnings/ros2_ws/install/my_robot_controller/lib/python3.10/site-packages/my_robot_controller
[2.496s] copying /home/shiv/My_ROS2_Learnings/ros2_ws/build/my_robot_controller/build/lib/my_robot_controller/__init__.py -> /home/shiv/My_ROS2_Learnings/ros2_ws/install/my_robot_controller/lib/python3.10/site-packages/my_robot_controller
[2.496s] copying /home/shiv/My_ROS2_Learnings/ros2_ws/build/my_robot_controller/build/lib/my_robot_controller/pose_subscriber.py -> /home/shiv/My_ROS2_Learnings/ros2_ws/install/my_robot_controller/lib/python3.10/site-packages/my_robot_controller
[2.497s] copying /home/shiv/My_ROS2_Learnings/ros2_ws/build/my_robot_controller/build/lib/my_robot_controller/turtle_controller.py -> /home/shiv/My_ROS2_Learnings/ros2_ws/install/my_robot_controller/lib/python3.10/site-packages/my_robot_controller
[2.497s] copying /home/shiv/My_ROS2_Learnings/ros2_ws/build/my_robot_controller/build/lib/my_robot_controller/my_first_node.py -> /home/shiv/My_ROS2_Learnings/ros2_ws/install/my_robot_controller/lib/python3.10/site-packages/my_robot_controller
[2.498s] byte-compiling /home/shiv/My_ROS2_Learnings/ros2_ws/install/my_robot_controller/lib/python3.10/site-packages/my_robot_controller/draw_circle.py to draw_circle.cpython-310.pyc
[2.499s] byte-compiling /home/shiv/My_ROS2_Learnings/ros2_ws/install/my_robot_controller/lib/python3.10/site-packages/my_robot_controller/__init__.py to __init__.cpython-310.pyc
[2.500s] byte-compiling /home/shiv/My_ROS2_Learnings/ros2_ws/install/my_robot_controller/lib/python3.10/site-packages/my_robot_controller/pose_subscriber.py to pose_subscriber.cpython-310.pyc
[2.501s] byte-compiling /home/shiv/My_ROS2_Learnings/ros2_ws/install/my_robot_controller/lib/python3.10/site-packages/my_robot_controller/turtle_controller.py to turtle_controller.cpython-310.pyc
[2.502s] byte-compiling /home/shiv/My_ROS2_Learnings/ros2_ws/install/my_robot_controller/lib/python3.10/site-packages/my_robot_controller/my_first_node.py to my_first_node.cpython-310.pyc
[2.502s] running install_data
[2.503s] copying resource/my_robot_controller -> /home/shiv/My_ROS2_Learnings/ros2_ws/install/my_robot_controller/share/ament_index/resource_index/packages
[2.504s] copying package.xml -> /home/shiv/My_ROS2_Learnings/ros2_ws/install/my_robot_controller/share/my_robot_controller
[2.504s] running install_egg_info
[2.508s] Copying ../../build/my_robot_controller/my_robot_controller.egg-info to /home/shiv/My_ROS2_Learnings/ros2_ws/install/my_robot_controller/lib/python3.10/site-packages/my_robot_controller-0.0.0-py3.10.egg-info
[2.510s] running install_scripts
[2.545s] Installing Draw_circle script to /home/shiv/My_ROS2_Learnings/ros2_ws/install/my_robot_controller/lib/my_robot_controller
[2.546s] Installing Pose_subscriber script to /home/shiv/My_ROS2_Learnings/ros2_ws/install/my_robot_controller/lib/my_robot_controller
[2.546s] Installing Turtle_controller script to /home/shiv/My_ROS2_Learnings/ros2_ws/install/my_robot_controller/lib/my_robot_controller
[2.546s] Installing test_node script to /home/shiv/My_ROS2_Learnings/ros2_ws/install/my_robot_controller/lib/my_robot_controller
[2.547s] writing list of installed files to '/home/shiv/My_ROS2_Learnings/ros2_ws/build/my_robot_controller/install.log'
[2.583s] Invoked command in '/home/shiv/My_ROS2_Learnings/ros2_ws/src/my_robot_controller' returned '0': PYTHONPATH=/home/shiv/My_ROS2_Learnings/ros2_ws/build/my_robot_controller/prefix_override:/home/shiv/My_ROS2_Learnings/ros2_ws/install/my_robot_controller/lib/python3.10/site-packages:${PYTHONPATH} /usr/bin/python3 -W ignore:setup.py install is deprecated setup.py egg_info --egg-base ../../build/my_robot_controller build --build-base /home/shiv/My_ROS2_Learnings/ros2_ws/build/my_robot_controller/build install --record /home/shiv/My_ROS2_Learnings/ros2_ws/build/my_robot_controller/install.log --single-version-externally-managed install_data --force
