[0.749s] Invoking command in '/home/shiv/ros2_ws/build/my_robot_controller': PYTHONPATH=/home/shiv/ros2_ws/build/my_robot_controller/prefix_override:/home/shiv/ros2_ws/install/my_robot_controller/lib/python3.10/site-packages:${PYTHONPATH} /usr/bin/python3 -W ignore:setup.py install is deprecated setup.py develop --editable --build-directory /home/shiv/ros2_ws/build/my_robot_controller/build --no-deps symlink_data --force
[1.074s] running develop
[1.261s] running egg_info
[1.261s] writing my_robot_controller.egg-info/PKG-INFO
[1.261s] writing dependency_links to my_robot_controller.egg-info/dependency_links.txt
[1.261s] writing entry points to my_robot_controller.egg-info/entry_points.txt
[1.261s] writing requirements to my_robot_controller.egg-info/requires.txt
[1.262s] writing top-level names to my_robot_controller.egg-info/top_level.txt
[1.263s] reading manifest file 'my_robot_controller.egg-info/SOURCES.txt'
[1.264s] writing manifest file 'my_robot_controller.egg-info/SOURCES.txt'
[1.265s] running build_ext
[1.266s] Creating /home/shiv/ros2_ws/install/my_robot_controller/lib/python3.10/site-packages/my-robot-controller.egg-link (link to .)
[1.266s] Installing Draw_circle script to /home/shiv/ros2_ws/install/my_robot_controller/lib/my_robot_controller
[1.267s] Installing test_node script to /home/shiv/ros2_ws/install/my_robot_controller/lib/my_robot_controller
[1.267s] 
[1.267s] Installed /home/shiv/ros2_ws/build/my_robot_controller
[1.267s] running symlink_data
[1.267s] symbolically linking /home/shiv/ros2_ws/build/my_robot_controller/resource/my_robot_controller -> /home/shiv/ros2_ws/install/my_robot_controller/share/ament_index/resource_index/packages
[1.267s] symbolically linking /home/shiv/ros2_ws/build/my_robot_controller/package.xml -> /home/shiv/ros2_ws/install/my_robot_controller/share/my_robot_controller
[1.307s] Invoked command in '/home/shiv/ros2_ws/build/my_robot_controller' returned '0': PYTHONPATH=/home/shiv/ros2_ws/build/my_robot_controller/prefix_override:/home/shiv/ros2_ws/install/my_robot_controller/lib/python3.10/site-packages:${PYTHONPATH} /usr/bin/python3 -W ignore:setup.py install is deprecated setup.py develop --editable --build-directory /home/shiv/ros2_ws/build/my_robot_controller/build --no-deps symlink_data --force
