[1.306s] Invoking command in '/home/shiv/ros2_ws/src/my_robot_controller': PYTHONPATH=/home/shiv/ros2_ws/build/my_robot_controller/prefix_override:/home/shiv/ros2_ws/install/my_robot_controller/lib/python3.10/site-packages:${PYTHONPATH} /usr/bin/python3 -W ignore:setup.py install is deprecated setup.py egg_info --egg-base ../../build/my_robot_controller build --build-base /home/shiv/ros2_ws/build/my_robot_controller/build install --record /home/shiv/ros2_ws/build/my_robot_controller/install.log --single-version-externally-managed install_data
[1.791s] running egg_info
[1.792s] writing ../../build/my_robot_controller/my_robot_controller.egg-info/PKG-INFO
[1.792s] writing dependency_links to ../../build/my_robot_controller/my_robot_controller.egg-info/dependency_links.txt
[1.793s] writing entry points to ../../build/my_robot_controller/my_robot_controller.egg-info/entry_points.txt
[1.793s] writing requirements to ../../build/my_robot_controller/my_robot_controller.egg-info/requires.txt
[1.793s] writing top-level names to ../../build/my_robot_controller/my_robot_controller.egg-info/top_level.txt
[1.798s] reading manifest file '../../build/my_robot_controller/my_robot_controller.egg-info/SOURCES.txt'
[1.799s] writing manifest file '../../build/my_robot_controller/my_robot_controller.egg-info/SOURCES.txt'
[1.800s] running build
[1.800s] running build_py
[1.800s] copying my_robot_controller/my_first_node.py -> /home/shiv/ros2_ws/build/my_robot_controller/build/lib/my_robot_controller
[1.801s] running install
[1.801s] running install_lib
[1.803s] copying /home/shiv/ros2_ws/build/my_robot_controller/build/lib/my_robot_controller/my_first_node.py -> /home/shiv/ros2_ws/install/my_robot_controller/lib/python3.10/site-packages/my_robot_controller
[1.804s] byte-compiling /home/shiv/ros2_ws/install/my_robot_controller/lib/python3.10/site-packages/my_robot_controller/my_first_node.py to my_first_node.cpython-310.pyc
[1.805s] running install_data
[1.805s] running install_egg_info
[1.808s] removing '/home/shiv/ros2_ws/install/my_robot_controller/lib/python3.10/site-packages/my_robot_controller-0.0.0-py3.10.egg-info' (and everything under it)
[1.809s] Copying ../../build/my_robot_controller/my_robot_controller.egg-info to /home/shiv/ros2_ws/install/my_robot_controller/lib/python3.10/site-packages/my_robot_controller-0.0.0-py3.10.egg-info
[1.810s] running install_scripts
[1.846s] Installing test_node script to /home/shiv/ros2_ws/install/my_robot_controller/lib/my_robot_controller
[1.847s] writing list of installed files to '/home/shiv/ros2_ws/build/my_robot_controller/install.log'
[1.885s] Invoked command in '/home/shiv/ros2_ws/src/my_robot_controller' returned '0': PYTHONPATH=/home/shiv/ros2_ws/build/my_robot_controller/prefix_override:/home/shiv/ros2_ws/install/my_robot_controller/lib/python3.10/site-packages:${PYTHONPATH} /usr/bin/python3 -W ignore:setup.py install is deprecated setup.py egg_info --egg-base ../../build/my_robot_controller build --build-base /home/shiv/ros2_ws/build/my_robot_controller/build install --record /home/shiv/ros2_ws/build/my_robot_controller/install.log --single-version-externally-managed install_data
